
          -------------------------------------------------------
          Amber 12 SANDER                              2012
          -------------------------------------------------------

| PMEMD implementation of SANDER, Release 10

| Run on 03/20/2013 at 16:33:08

  [-O]verwriting output

File Assignments:
|   MDIN: mdin                                                                  
|  MDOUT: jac_amoeba.pmemd.out                                                  
| INPCRD: bench7.inpcrd                                                         
|   PARM: jac.prmtop                                                            
| RESTRT: restrt                                                                
|   REFC: refc                                                                  
|  MDVEL: mdvel                                                                 
|   MDEN: mden                                                                  
|  MDCRD: mdcrd                                                                 
| MDINFO: mdinfo                                                                

 
 Here is the input file:
 
 short md, nve ensemble                                                        
 &cntrl                                                                        
   ntx=1, irest=0,                                                             
   nstlim=10,                                                                  
   ntpr=1, ntwr=10000,                                                         
   dt=0.001, vlimit=10.0,                                                      
   cut=7., jfastw=4,                                                           
   ntt=1, temp0=300.0,tempi=300.0,                                             
   iamoeba=1,                                                                  
 /                                                                             
 &ewald                                                                        
  nfft1=64,nfft2=64,nfft3=64,                                                  
  skinnb=2.,nbtell=0,order=5,ew_coeff=0.5446,                                  
 /                                                                             
 &amoeba                                                                       
   do_bond=1,do_ureyb=1,do_reg_angle=1,do_trig_angle=1,                        
   do_opbend=1,do_torsion=1,do_pi_torsion=1,do_strbend=1,                      
   do_torsion_torsion=1,do_amoeba_nonbond=1,                                   
   dipole_scf_tol = 0.01,dipole_scf_iter_max=20,                               
   sor_coefficient=0.7,ee_damped_cut=4.5,ee_dsum_cut=6.7,                      
   beeman_integrator=1,                                                        
 /                                                                             


 
 
| New format inpcrd file being parsed.
| Version =    1.000 Date = 03/20/13 Time = 15:30:38
 
| Conditional Compilation Defines Used:
| AMOEBA
| DIRFRC_COMTRANS
| DIRFRC_EFS
| DIRFRC_NOVEC
| PUBFFT
| FFTLOADBAL_2PROC
| BINTRAJ
| MKL
 
| Largest sphere to fit in unit cell has radius =    31.115

| New format PARM file being parsed.
| Version =    1.000 Date = 03/20/13 Time = 16:21:27
--------------------------------------------------------------------------------
   1.  RESOURCE   USE: 
--------------------------------------------------------------------------------

 getting new box info from bottom of inpcrd

 NATOM  =   23558 NTYPES =       1 NBONH =       0 MBONA  =       0
 NTHETH =       0 MTHETA =       0 NPHIH =       0 MPHIA  =       0
 NHPARM =       0 NPARM  =       0 NNB   =   42364 NRES   =    7182
 NBONA  =       0 NTHETA =       0 NPHIA =       0 NUMBND =       0
 NUMANG =       0 NPTRA  =       0 NATYP =       1 NPHB   =       0
 IFBOX  =       1 NMXRS  =       0 IFCAP =       0 NEXTRA =       0
 NCOPY  =       0

| Coordinate Index Table dimensions:    13   13   13
| Direct force subcell size =     4.7869    4.7869    4.7869

     BOX TYPE: RECTILINEAR

--------------------------------------------------------------------------------
   2.  CONTROL  DATA  FOR  THE  RUN
--------------------------------------------------------------------------------

 jac benchmark                                                                  

General flags:
     imin    =       0, nmropt  =       0

Nature and format of input:
     ntx     =       1, irest   =       0, ntrx    =       1

Nature and format of output:
     ntxo    =       1, ntpr    =       1, ntrx    =       1, ntwr    =   10000
     iwrap   =       0, ntwx    =       0, ntwv    =       0, ntwe    =       0
     ioutfm  =       0, ntwprt  =       0, idecomp =       0, rbornstat=      0

Potential function:
     ntf     =       1, ntb     =       1, igb     =       0, nsnb    =      25
     ipol    =       0, gbsa    =       0, iesp    =       0
     dielc   =   1.00000, cut     =   7.00000, intdiel =   1.00000
     scnb    =   2.00000, scee    =   1.20000

Frozen or restrained atoms:
     ibelly  =       0, ntr     =       0

Molecular dynamics:
     nstlim  =        10, nscm    =      1000, nrespa  =         1
     t       =   0.00000, dt      =   0.00100, vlimit  =  10.00000

Berendsen (weak-coupling) temperature regulation:
     temp0   = 300.00000, tempi   = 300.00000, tautp   =   1.00000

Ewald parameters:
     verbose =       0, ew_type =       0, nbflag  =       1, use_pme =       1
     vdwmeth =       1, eedmeth =       1, netfrc  =       1
     Box X =   62.230   Box Y =   62.230   Box Z =   62.230
     Alpha =   90.000   Beta  =   90.000   Gamma =   90.000
     NFFT1 =   64       NFFT2 =   64       NFFT3 =   64
     Cutoff=    7.000   Tol   =0.999E-08
     Ewald Coefficient =  0.54460
     Interpolation order =    5

--------------------------------------------------------------------------------
   3.  ATOMIC COORDINATES AND VELOCITIES
--------------------------------------------------------------------------------

tinker benchmark 7                                                              
 begin time read from input coords =     0.000 ps

| Dynamic Memory, Types Used:
| Reals             2161402
| Integers          1056524

| Nonbonded Pairs Initial Allocation: 3934774

--------------------------------------------------------------------------------
   4.  RESULTS
--------------------------------------------------------------------------------

 ---------------------------------------------------
 APPROXIMATING switch and d/dx switch using CUBIC SPLINE INTERPOLATION
 using   5000.0 points per unit in tabled values
 TESTING RELATIVE ERROR over r ranging from 0.0 to cutoff
| CHECK switch(x): max rel err =   0.2738E-14   at   2.422500
| CHECK d/dx switch(x): max rel err =   0.8987E-11   at   2.875760
 ---------------------------------------------------
|---------------------------------------------------
| APPROXIMATING direct energy using CUBIC SPLINE INTERPOLATION
|  with   50.0 points per unit in tabled values
| Relative Error Limit not exceeded for r .gt.   3.53
| APPROXIMATING direct force using CUBIC SPLINE INTERPOLATION
|  with   50.0 points per unit in tabled values
| Relative Error Limit not exceeded for r .gt.   3.82
|---------------------------------------------------
| num_pairs_in_ee_cut, size_dipole_dipole_list =    1397718   1747147

 NSTEP =        1   TIME(PS) =       0.001  TEMP(K) =   280.86  PRESS =     0.0
 Etot   =    -45492.3472  EKtot   =     19721.4402  EPtot      =    -65213.7874
 BOND   =      8432.9514  ANGLE   =      4933.2676  DIHED      =       454.2566
 1-4 NB =      1355.7468  1-4 EEL =         0.0000  VDWAALS    =     30556.5553
 EELEC  =    -79101.7847  EHBOND  =         0.0000  RESTRAINT  =         0.0000
 EPOLZ  =    -31844.7803
 Dipole convergence: rms =  0.823E-02 iters =   6.00
 ------------------------------------------------------------------------------


 NSTEP =        2   TIME(PS) =       0.002  TEMP(K) =   283.77  PRESS =     0.0
 Etot   =    -45336.9767  EKtot   =     19926.1209  EPtot      =    -65263.0976
 BOND   =      8181.8771  ANGLE   =      5096.9569  DIHED      =       455.9657
 1-4 NB =      1358.3772  1-4 EEL =         0.0000  VDWAALS    =     30601.7958
 EELEC  =    -79095.5396  EHBOND  =         0.0000  RESTRAINT  =         0.0000
 EPOLZ  =    -31862.5306
 Dipole convergence: rms =  0.821E-02 iters =   6.00
 ------------------------------------------------------------------------------


 NSTEP =        3   TIME(PS) =       0.003  TEMP(K) =   310.70  PRESS =     0.0
 Etot   =    -45341.1339  EKtot   =     21817.3235  EPtot      =    -67158.4574
 BOND   =      6314.3846  ANGLE   =      5047.2783  DIHED      =       457.4463
 1-4 NB =      1358.7635  1-4 EEL =         0.0000  VDWAALS    =     30576.7336
 EELEC  =    -79061.0729  EHBOND  =         0.0000  RESTRAINT  =         0.0000
 EPOLZ  =    -31851.9908
 Dipole convergence: rms =  0.818E-02 iters =   6.00
 ------------------------------------------------------------------------------


 NSTEP =        4   TIME(PS) =       0.004  TEMP(K) =   318.85  PRESS =     0.0
 Etot   =    -45291.3473  EKtot   =     22389.5247  EPtot      =    -67680.8720
 BOND   =      5793.9054  ANGLE   =      4937.0397  DIHED      =       458.5084
 1-4 NB =      1357.9017  1-4 EEL =         0.0000  VDWAALS    =     30493.2159
 EELEC  =    -78939.1246  EHBOND  =         0.0000  RESTRAINT  =         0.0000
 EPOLZ  =    -31782.3185
 Dipole convergence: rms =  0.814E-02 iters =   6.00
 ------------------------------------------------------------------------------


 NSTEP =        5   TIME(PS) =       0.005  TEMP(K) =   298.70  PRESS =     0.0
 Etot   =    -45259.3339  EKtot   =     20974.4716  EPtot      =    -66233.8055
 BOND   =      7153.1666  ANGLE   =      4832.5513  DIHED      =       459.0564
 1-4 NB =      1356.7817  1-4 EEL =         0.0000  VDWAALS    =     30385.3453
 EELEC  =    -78751.2913  EHBOND  =         0.0000  RESTRAINT  =         0.0000
 EPOLZ  =    -31669.4155
 Dipole convergence: rms =  0.812E-02 iters =   6.00
 ------------------------------------------------------------------------------


 NSTEP =        6   TIME(PS) =       0.006  TEMP(K) =   283.71  PRESS =     0.0
 Etot   =    -45281.2952  EKtot   =     19922.0701  EPtot      =    -65203.3653
 BOND   =      8207.4181  ANGLE   =      4665.0339  DIHED      =       459.1224
 1-4 NB =      1355.7145  1-4 EEL =         0.0000  VDWAALS    =     30288.8467
 EELEC  =    -78602.9405  EHBOND  =         0.0000  RESTRAINT  =         0.0000
 EPOLZ  =    -31576.5603
 Dipole convergence: rms =  0.810E-02 iters =   6.00
 ------------------------------------------------------------------------------


 NSTEP =        7   TIME(PS) =       0.007  TEMP(K) =   300.82  PRESS =     0.0
 Etot   =    -45342.8723  EKtot   =     21123.1010  EPtot      =    -66465.9733
 BOND   =      7182.6592  ANGLE   =      4428.5224  DIHED      =       458.8542
 1-4 NB =      1354.4845  1-4 EEL =         0.0000  VDWAALS    =     30239.0938
 EELEC  =    -78576.2633  EHBOND  =         0.0000  RESTRAINT  =         0.0000
 EPOLZ  =    -31553.3241
 Dipole convergence: rms =  0.808E-02 iters =   6.00
 ------------------------------------------------------------------------------


 NSTEP =        8   TIME(PS) =       0.008  TEMP(K) =   326.87  PRESS =     0.0
 Etot   =    -45335.9355  EKtot   =     22952.5723  EPtot      =    -68288.5079
 BOND   =      5582.7882  ANGLE   =      4291.4686  DIHED      =       458.4694
 1-4 NB =      1352.9448  1-4 EEL =         0.0000  VDWAALS    =     30262.2992
 EELEC  =    -78646.2295  EHBOND  =         0.0000  RESTRAINT  =         0.0000
 EPOLZ  =    -31590.2486
 Dipole convergence: rms =  0.806E-02 iters =   6.00
 ------------------------------------------------------------------------------


 NSTEP =        9   TIME(PS) =       0.009  TEMP(K) =   321.31  PRESS =     0.0
 Etot   =    -45266.0378  EKtot   =     22561.8118  EPtot      =    -67827.8496
 BOND   =      5991.7748  ANGLE   =      4396.9092  DIHED      =       458.1709
 1-4 NB =      1351.4338  1-4 EEL =         0.0000  VDWAALS    =     30352.0580
 EELEC  =    -78731.9802  EHBOND  =         0.0000  RESTRAINT  =         0.0000
 EPOLZ  =    -31646.2159
 Dipole convergence: rms =  0.805E-02 iters =   6.00
 ------------------------------------------------------------------------------


 NSTEP =       10   TIME(PS) =       0.010  TEMP(K) =   291.78  PRESS =     0.0
 Etot   =    -45240.7552  EKtot   =     20488.7146  EPtot      =    -65729.4699
 BOND   =      7860.4068  ANGLE   =      4641.0589  DIHED      =       458.0686
 1-4 NB =      1350.5409  1-4 EEL =         0.0000  VDWAALS    =     30463.6901
 EELEC  =    -78802.7697  EHBOND  =         0.0000  RESTRAINT  =         0.0000
 EPOLZ  =    -31700.4656
 Dipole convergence: rms =  0.805E-02 iters =   6.00
 ------------------------------------------------------------------------------


      A V E R A G E S   O V E R      10 S T E P S


 NSTEP =       10   TIME(PS) =       0.010  TEMP(K) =   301.74  PRESS =     0.0
 Etot   =    -45318.8035  EKtot   =     21187.7151  EPtot      =    -66506.5186
 BOND   =      7070.1332  ANGLE   =      4727.0087  DIHED      =       457.7919
 1-4 NB =      1355.2689  1-4 EEL =         0.0000  VDWAALS    =     30421.9634
 EELEC  =    -78830.8996  EHBOND  =         0.0000  RESTRAINT  =         0.0000
 EPOLZ  =    -31707.7850
 Dipole convergence: rms =  0.812E-02 iters =   6.00
 ------------------------------------------------------------------------------


      R M S  F L U C T U A T I O N S


 NSTEP =       10   TIME(PS) =       0.010  TEMP(K) =    16.06  PRESS =     0.0
 Etot   =        68.1118  EKtot   =      1128.0649  EPtot      =      1109.9915
 BOND   =      1029.8407  ANGLE   =       271.3324  DIHED      =         1.4712
 1-4 NB =         2.7313  1-4 EEL =         0.0000  VDWAALS    =       128.1047
 EELEC  =       193.8885  EHBOND  =         0.0000  RESTRAINT  =         0.0000
 EPOLZ  =       113.6987
 Dipole convergence: rms =  0.616E-04 iters =   0.00
 ------------------------------------------------------------------------------

--------------------------------------------------------------------------------
   5.  TIMINGS
--------------------------------------------------------------------------------

|  NonSetup CPU Time in Major Routines:
|
|     Routine           Sec        %
|     ------------------------------
|     Nonbond          16.99   98.88
|     Bond              0.01    0.05
|     Angle             0.01    0.08
|     Dihedral          0.02    0.11
|     Shake             0.00    0.00
|     RunMD             0.15    0.88
|     Other             0.00    0.00
|     ------------------------------
|     Total            17.19

|  Amoeba Nonbond Pairlist CPU Time:
|
|     Routine              Sec        %
|     ---------------------------------
|     Set Up Cit           0.00    0.01
|     Build List           0.08    0.48
|     ---------------------------------
|     Total                0.08    0.48

|  Amoeba Direct Force CPU Time:
|
|     Routine              Sec        %
|     ---------------------------------
|     NonBonded Calc      11.35   66.03
|     Exclude Masked       0.41    2.39
|     Other                0.23    1.37
|     ---------------------------------
|     Total               11.99   69.78

|  Amoeba Reciprocal Force CPU Time:
|
|     Routine              Sec        %
|     ---------------------------------
|     1D bspline           0.18    1.06
|     Grid Charges         1.50    8.75
|     Scalar Sum           0.10    0.56
|     Gradient Sum         1.92   11.18
|     FFT                  1.26    7.31
|     ---------------------------------
|     Total                4.96   28.85

|  Setup CPU time:            0.52 seconds
|  NonSetup CPU time:        17.19 seconds
|  Total CPU time:           17.71 seconds     0.00 hours

|  Setup wall time:           0    seconds
|  NonSetup wall time:       18    seconds
|  Total wall time:          18    seconds     0.01 hours
