 frcfieldfile = ../amoeba.prm
 found a-axis =  18.7780000000000
 num_xyz_atoms =  600
 numres =  100
 num_atoms =  600
 vdw: num_vdw_types =  5
 num_bonds =  500
 no success finding Urey-Bradley!
 num_tot_angles =  600
 num regular, trigonal angles =  0 600
 num_out_of_plane_bends =  600
 numtor =  400
 num1,num_torsions =  400 800
 no success finding Stretch-Torsions
 num_pitorsions =  100
 num_stretch_bends =  500
 no success finding Torsion-Torsions
 num_molecules =  100
 num_multipoles =  600
 number of frame def list =  1200
 num_12 =  500
 num_13 =  600
 num_14 =  400
 no success finding Number of 1-5 Pairs!
